--- Job M-F_ponders.gms Start 06/23/23 16:39:59 41.2.0 5110e5ff WEX-WEI x86 64bit/MS Windows
--- Applying:
    D:\GAMS\41\gmsprmNT.txt
--- GAMS Parameters defined
    Input "G:\Mi unidad\TFG\src\gams\M-F_ponders.gms"
    PageSize 0
    ScrDir "G:\Mi unidad\TFG\src\gams\225b\"
    SysDir D:\GAMS\41\
    LogOption 3
    ErrMsg 1
    ErrorLog 99
    IDE 1
    LstTitleLeftAligned 1
Licensee: GAMS Demo license for Antonio Sevilla Sastre   G221121|0002CO-GEN
          UCM, Spain                                               DL079880
          C:\Users\Antonio\Documents\GAMS\gamslice.txt
          antsev01@ucm.es, Antonio Sevilla Sastre                          
          Demo license for demonstration and instructional purposes only
Processor information: 1 socket(s), 14 core(s), and 20 thread(s) available
GAMS 41.2.0   Copyright (C) 1987-2022 GAMS Development. All rights reserved
--- Starting compilation
--- M-F_ponders.gms(610) 3 Mb
--- Starting execution: elapsed 0:00:00.063
--- M-F_ponders.gms(475) 4 Mb
--- Generating MIP model modelo1
--- M-F_ponders.gms(609) 16 Mb
---   29,871 rows  28,332 columns  128,043 non-zeroes
---   27,937 discrete-columns
--- Range statistics (absolute non-zero finite values)
--- RHS       [min, max] : [ 1.000E-01, 4.000E+06] - Zero values observed as well
--- Bound     [min, max] : [ 1.000E+00, 1.000E+00] - Zero values observed as well
--- Matrix    [min, max] : [ 2.857E-09, 1.200E+05]
*** The model exceeds the demo license limits for linear models of more than 2000 rows or columns
    As an academic user, you can submit large models to the NEOS service for free (see https://www.gams.com/neos)
    Alternatively, feel free to contact sales@gams.com to discuss your options
*** Status: Terminated due to a licensing error
***         License file: C:\Users\Antonio\Documents\GAMS\gamslice.txt
***         Inspect listing file for more information.
--- Job M-F_ponders.gms Stop 06/23/23 16:39:59 elapsed 0:00:00.410
