GAMS 41.2.0  5110e5ff Nov 14, 2022          WEX-WEI x86 64bit/MS Windows - 01/22/23 14:08:54 Page 1
modelo sin tiempo reconstruccion + reparto
C o m p i l a t i o n


   2   
   3  Set
   4  j nodos. representan los asentamientos. en este modelo hemos de distinguir entre transitorios-destino-origen /0*15/
   5  v Tipos de vehiculo /0*1/
   6  ;
   7   
   8  Alias
   9  (j,i,k)
  10  ;
  11   
  12  Parameters
  13  dem(j) demanda por cada asentamiento de un unico recurso en cierta unidad continua /0 0,
  14                           1 0
  15                           2 0
  16                           3 0
  17                           4 3
  18                           5 1
  19                           6 1
  20                           7 2
  21                           8 4
  22                           9 2
  23                           10 1
  24                           11 2
  25                           12 3
  26                           13 1
  27                           14 2
  28                           15 1
  29                           /
  30  max_coste Maximo presupuesto que se puede invertir
  31   /65/
  32  max_puentes maximo numero de puentes que podemos reconstruir previo paso a los camiones /1/
  33  capacidad_vehiculo(v) Capacidad de hacer partir 1 vehiculo de tipo v /0 1,1 2/
  34  coste_vehiculo(v) Coste total y fijo de hacer partir 1 vehiculo de tipo v /0 10,1 15/
  35  ;
  36   
  37  Table E(i,j) existe la ruta de i a j
  38      0   1   2   3   4   5   6   7   8   9   10  11  12  13  14  15
  39  0   0   1   1   0   0   0   0   1   0   0   0   1   0   0   0   0
  40  1   0   0   0   1   1   0   0   0   0   0   1   1   0   1   0   1
  41  2   0   0   0   0   0   1   0   0   0   0   0   0   0   0   1   1
  42  3   0   0   0   0   0   0   1   0   0   1   0   0   0   0   0   0
  43  4   0   0   0   0   0   0   1   0   1   0   0   0   1   0   0   0
  44  5   0   0   0   0   0   0   0   0   0   0   0   0   0   0   0   0
  45  6   0   0   0   0   0   0   0   0   0   0   1   0   0   1   1   0
  46  7   0   0   0   0   0   0   0   0   0   0   0   0   0   0   0   1
  47  8   0   0   0   0   0   0   0   0   0   0   0   0   0   0   1   0
  48  9   0   0   0   0   0   0   0   0   0   0   0   0   0   0   0   0
  49  10  0   0   0   0   0   0   0   0   0   0   0   0   0   0   0   0
  50  11  0   0   0   0   0   0   0   0   0   0   0   0   0   0   0   0
  51  12  0   0   0   0   0   0   0   0   0   0   0   0   0   0   0   0
  52  13  0   0   0   0   0   0   0   0   0   0   0   0   0   0   0   0
  53  14  0   0   0   0   0   0   0   0   0   0   0   0   0   0   0   0
  54  15  0   0   0   0   0   0   0   0   0   0   0   0   0   0   0   0
  55  ;
  56   
  57  Table U(i,j) al inicio es utilizable la ruta de i a j
  58      0   1   2   3   4   5   6   7   8   9   10  11  12  13  14  15
  59  0   0   1   0   0   0   0   0   0   0   0   0   1   0   0   0   0
  60  1   0   0   0   0   1   0   0   0   0   0   1   1   0   1   0   1
  61  2   0   0   0   0   0   1   0   0   0   0   0   0   0   0   1   1
  62  3   0   0   0   0   0   0   0   0   0   1   0   0   0   0   0   0
  63  4   0   0   0   0   0   0   1   0   0   0   0   0   1   0   0   0
  64  5   0   0   0   0   0   0   0   0   0   0   0   0   0   0   0   0
  65  6   0   0   0   0   0   0   0   0   0   0   1   0   0   0   1   0
  66  7   0   0   0   0   0   0   0   0   0   0   0   0   0   0   0   0
  67  8   0   0   0   0   0   0   0   0   0   0   0   0   0   0   0   0
  68  9   0   0   0   0   0   0   0   0   0   0   0   0   0   0   0   0
  69  10  0   0   0   0   0   0   0   0   0   0   0   0   0   0   0   0
  70  11  0   0   0   0   0   0   0   0   0   0   0   0   0   0   0   0
  71  12  0   0   0   0   0   0   0   0   0   0   0   0   0   0   0   0
  72  13  0   0   0   0   0   0   0   0   0   0   0   0   0   0   0   0
  73  14  0   0   0   0   0   0   0   0   0   0   0   0   0   0   0   0
  74  15  0   0   0   0   0   0   0   0   0   0   0   0   0   0   0   0
  75  ;
  76   
  77  Variables
  78  Xmas(i,j,v ) el flujo es discreto. esta variable sirve para denotar el flujo positivo
  79  Xmenos(i,j,v) esta variable sirve para denotar el flujo negativo
  80  Y(j,v ) flujo de vehiculos que se queda en j
  81  Z_(j) toneladas que se quedan en j
  82  auxZ(j) variable binaria que determina si llega alguna ayuda a j
  83   
  84  H(i,j) variable binaria que determina si habilitamos el puente de i a j
  85   
  86  Insatis
  87  Insatisaux
  88  Eq
  89  ;
  90   
  91  Positive variables Insatisaux;
  92  Binary variables H, auxZ;
  93  Integer variables Xmas, Xmenos;
  94   
  95  Equations
  96   
  97  definir_Y(j,v) ecuacion de flujo
  98   
  99  solo_arcos_buenos_mas(i,j,v) consideramos de flujo nulo la mitad de los nodos. asi consideramos un grafo no orientado
 100  solo_arcos_buenos_menos(i,j,v)
 101   
 102  *lim_demanda(j)
 103  lim_provisiones restriccion que fija la cantidad de ayuda que podemos enviar
 104  flujo_nulo(j,v) en los nodos transitorios el flujo es nulo
 105   
 106  flujo_destinos(j,v)
 107   
 108  existencia_ruta(i,j,v)
 109  usabilidad_ruta(i,j,v)
 110  existencia_ruta_min(i,j,v) en este modelo son necesarias 2 restricciones para que el flujo sea nulo y no negativo en los arcos no existentes
 111  usabilidad_ruta_min(i,j,v) ídem con los no usables
 112  lim_puentes
 113   
 114  def_insatisaux definimos la demanda insatisfecha
 115   
 116  def_auxZ1(j) definimos los nodos a los que llega alguna ayuda
 117  def_auxZ2(j) a los nodos transitorios no puede llegar ninguna ayuda por lo que no cuentan
 118   
 119  def_Z_(j)
 120   
 121  f_insatis funcion objetivo 1. demanda insatisfecha total
 122  f_eq funcion objetivo 2. criterio de equidad. numero de nodos a los que se les reparte alguna cantidad de ayuda
 123  ;
 124   
 125  definir_Y(j,v).. Y(j,v) =E= sum(i, Xmas(i,j,v)-Xmenos(i,j,v)) - sum(i, Xmas(j,i,v)-Xmenos(j,i,v));
 126   
 127  solo_arcos_buenos_mas(i,j,v)$(ord(i)<=ord(j)).. Xmas(j,i,v) =E= 0;
 128  solo_arcos_buenos_menos(i,j,v)$(ord(i)<=ord(j)).. Xmenos(j,i,v) =E= 0;
 129   
 130  *lim_demanda(j).. Y(j) =L= dem(j);
 131  lim_provisiones.. sum(v,Y("0",v)*coste_vehiculo(v)) =G= -max_coste;
 132  flujo_nulo(j,v)$(ord(j)>1 and ord(j)<=13).. Y(j,v) =E= 0;
 133   
 134  flujo_destinos(j,v)$(ord(j)>=14).. Y(j,v) =G= 0;
 135   
 136  existencia_ruta(i,j,v).. Xmas(i,j,v)-Xmenos(i,j,v) =L= 99*E(i,j);
 137  usabilidad_ruta(i,j,v).. Xmas(i,j,v)-Xmenos(i,j,v) =L= 99*(U(i,j) +  H(i,j));
 138  existencia_ruta_min(i,j,v).. Xmas(i,j,v)-Xmenos(i,j,v) =G= -99*E(i,j);
 139  usabilidad_ruta_min(i,j,v).. Xmas(i,j,v)-Xmenos(i,j,v) =G= -99*(U(i,j) +  H(i,j));
 140  lim_puentes..  sum(i, sum(j, H(i,j))) =L= max_puentes;
 141   
 142  def_insatisaux(j)$(ord(j)>=14).. Insatisaux =G= dem(j) - Z_(j);
 143   
 144  def_auxZ1(j)$(ord(j)>=14).. auxZ(j) =L= 99*Z_(j);
 145  def_auxZ2(j)$(ord(j)<=13).. auxZ(j) =E= 0;
 146   
 147  def_Z_(j).. Z_(j) =E= sum(v, Y(j,v)*capacidad_vehiculo(v));
 148   
 149  f_eq.. Eq =E= sum(j, auxZ(j));
 150  f_insatis.. Insatis =E= sum(j, Insatisaux);
 151   
 152  model modelo1 /all/;
 153   
 154  solve modelo1 using MIP minimizing Insatis;
 155  solve modelo1 using MIP maximizing Eq;
 156   
      con 2 vehiculos
      ---   489 rows  276 columns  1,546 non-zeroes
      ---   252 discrete-columns
       
       


COMPILATION TIME     =        0.000 SECONDS      3 MB  41.2.0 5110e5ff WEX-WEI
GAMS 41.2.0  5110e5ff Nov 14, 2022          WEX-WEI x86 64bit/MS Windows - 01/22/23 14:08:54 Page 2
modelo sin tiempo reconstruccion + reparto
Equation Listing    SOLVE modelo1 Using MIP From line 154


---- definir_Y  =E=  ecuacion de flujo

definir_Y(0,0)..  Xmas(0,1,0) + Xmas(0,2,0) + Xmas(0,3,0) + Xmas(0,4,0) + Xmas(0,5,0) + Xmas(0,6,0) + Xmas(0,7,0) + Xmas(0,8,0) + Xmas(0,9,0) + Xmas(0,10,0) + Xmas(0,11,0) + Xmas(0,12,0) + Xmas(0,13,0) + Xmas(0,14,0) + Xmas(0,15,0) - Xmas(1,0,0) - Xmas(2,0,0) - Xmas(3,0,0) - Xmas(4,0,0) - Xmas(5,0,0) - Xmas(6,0,0) - Xmas(7,0,0) - Xmas(8,0,0) - Xmas(9,0,0) - Xmas(10,0,0) - Xmas(11,0,0) - Xmas(12,0,0) - Xmas(13,0,0) - Xmas(14,0,0) - Xmas(15,0,0) - Xmenos(0,1,0) - Xmenos(0,2,0) - Xmenos(0,3,0) - Xmenos(0,4,0) - Xmenos(0,5,0) - Xmenos(0,6,0) - Xmenos(0,7,0) - Xmenos(0,8,0) - Xmenos(0,9,0) - Xmenos(0,10,0) - Xmenos(0,11,0) - Xmenos(0,12,0) - Xmenos(0,13,0) - Xmenos(0,14,0) - Xmenos(0,15,0) + Xmenos(1,0,0) + Xmenos(2,0,0) + Xmenos(3,0,0) + Xmenos(4,0,0) + Xmenos(5,0,0) + Xmenos(6,0,0) + Xmenos(7,0,0) + Xmenos(8,0,0) + Xmenos(9,0,0) + Xmenos(10,0,0) + Xmenos(11,0,0) + Xmenos(12,0,0) + Xmenos(13,0,0) + Xmenos(14,0,0) + Xmenos(15,0,0) + Y(0,0) =E= 0 ; (LHS = 0)
     
definir_Y(0,1)..  Xmas(0,1,1) + Xmas(0,2,1) + Xmas(0,3,1) + Xmas(0,4,1) + Xmas(0,5,1) + Xmas(0,6,1) + Xmas(0,7,1) + Xmas(0,8,1) + Xmas(0,9,1) + Xmas(0,10,1) + Xmas(0,11,1) + Xmas(0,12,1) + Xmas(0,13,1) + Xmas(0,14,1) + Xmas(0,15,1) - Xmas(1,0,1) - Xmas(2,0,1) - Xmas(3,0,1) - Xmas(4,0,1) - Xmas(5,0,1) - Xmas(6,0,1) - Xmas(7,0,1) - Xmas(8,0,1) - Xmas(9,0,1) - Xmas(10,0,1) - Xmas(11,0,1) - Xmas(12,0,1) - Xmas(13,0,1) - Xmas(14,0,1) - Xmas(15,0,1) - Xmenos(0,1,1) - Xmenos(0,2,1) - Xmenos(0,3,1) - Xmenos(0,4,1) - Xmenos(0,5,1) - Xmenos(0,6,1) - Xmenos(0,7,1) - Xmenos(0,8,1) - Xmenos(0,9,1) - Xmenos(0,10,1) - Xmenos(0,11,1) - Xmenos(0,12,1) - Xmenos(0,13,1) - Xmenos(0,14,1) - Xmenos(0,15,1) + Xmenos(1,0,1) + Xmenos(2,0,1) + Xmenos(3,0,1) + Xmenos(4,0,1) + Xmenos(5,0,1) + Xmenos(6,0,1) + Xmenos(7,0,1) + Xmenos(8,0,1) + Xmenos(9,0,1) + Xmenos(10,0,1) + Xmenos(11,0,1) + Xmenos(12,0,1) + Xmenos(13,0,1) + Xmenos(14,0,1) + Xmenos(15,0,1) + Y(0,1) =E= 0 ; (LHS = 0)
     
definir_Y(1,0)..  - Xmas(0,1,0) + Xmas(1,0,0) + Xmas(1,2,0) + Xmas(1,3,0) + Xmas(1,4,0) + Xmas(1,5,0) + Xmas(1,6,0) + Xmas(1,7,0) + Xmas(1,8,0) + Xmas(1,9,0) + Xmas(1,10,0) + Xmas(1,11,0) + Xmas(1,12,0) + Xmas(1,13,0) + Xmas(1,14,0) + Xmas(1,15,0) - Xmas(2,1,0) - Xmas(3,1,0) - Xmas(4,1,0) - Xmas(5,1,0) - Xmas(6,1,0) - Xmas(7,1,0) - Xmas(8,1,0) - Xmas(9,1,0) - Xmas(10,1,0) - Xmas(11,1,0) - Xmas(12,1,0) - Xmas(13,1,0) - Xmas(14,1,0) - Xmas(15,1,0) + Xmenos(0,1,0) - Xmenos(1,0,0) - Xmenos(1,2,0) - Xmenos(1,3,0) - Xmenos(1,4,0) - Xmenos(1,5,0) - Xmenos(1,6,0) - Xmenos(1,7,0) - Xmenos(1,8,0) - Xmenos(1,9,0) - Xmenos(1,10,0) - Xmenos(1,11,0) - Xmenos(1,12,0) - Xmenos(1,13,0) - Xmenos(1,14,0) - Xmenos(1,15,0) + Xmenos(2,1,0) + Xmenos(3,1,0) + Xmenos(4,1,0) + Xmenos(5,1,0) + Xmenos(6,1,0) + Xmenos(7,1,0) + Xmenos(8,1,0) + Xmenos(9,1,0) + Xmenos(10,1,0) + Xmenos(11,1,0) + Xmenos(12,1,0) + Xmenos(13,1,0) + Xmenos(14,1,0) + Xmenos(15,1,0) + Y(1,0) =E= 0 ; (LHS = 0)
     
REMAINING 29 ENTRIES SKIPPED


---- solo_arcos_buenos_mas  =E=  consideramos de flujo nulo la mitad de los nodos. asi consideramos un grafo no orientado

solo_arcos_buenos_mas(0,0,0)..  Xmas(0,0,0) =E= 0 ; (LHS = 0)
     
solo_arcos_buenos_mas(0,0,1)..  Xmas(0,0,1) =E= 0 ; (LHS = 0)
     
solo_arcos_buenos_mas(0,1,0)..  Xmas(1,0,0) =E= 0 ; (LHS = 0)
     
REMAINING 269 ENTRIES SKIPPED


---- solo_arcos_buenos_menos  =E=  

solo_arcos_buenos_menos(0,0,0)..  Xmenos(0,0,0) =E= 0 ; (LHS = 0)
     
solo_arcos_buenos_menos(0,0,1)..  Xmenos(0,0,1) =E= 0 ; (LHS = 0)
     
solo_arcos_buenos_menos(0,1,0)..  Xmenos(1,0,0) =E= 0 ; (LHS = 0)
     
REMAINING 269 ENTRIES SKIPPED


---- lim_provisiones  =G=  restriccion que fija la cantidad de ayuda que podemos enviar

lim_provisiones..  10*Y(0,0) + 15*Y(0,1) =G= -65 ; (LHS = 0)
     

---- flujo_nulo  =E=  en los nodos transitorios el flujo es nulo

flujo_nulo(1,0)..  Y(1,0) =E= 0 ; (LHS = 0)
     
flujo_nulo(1,1)..  Y(1,1) =E= 0 ; (LHS = 0)
     
flujo_nulo(2,0)..  Y(2,0) =E= 0 ; (LHS = 0)
     
REMAINING 21 ENTRIES SKIPPED


---- flujo_destinos  =G=  

flujo_destinos(13,0)..  Y(13,0) =G= 0 ; (LHS = 0)
     
flujo_destinos(13,1)..  Y(13,1) =G= 0 ; (LHS = 0)
     
flujo_destinos(14,0)..  Y(14,0) =G= 0 ; (LHS = 0)
     
REMAINING 3 ENTRIES SKIPPED


---- existencia_ruta  =L=  

existencia_ruta(0,0,0)..  Xmas(0,0,0) - Xmenos(0,0,0) =L= 0 ; (LHS = 0)
     
existencia_ruta(0,0,1)..  Xmas(0,0,1) - Xmenos(0,0,1) =L= 0 ; (LHS = 0)
     
existencia_ruta(0,1,0)..  Xmas(0,1,0) - Xmenos(0,1,0) =L= 99 ; (LHS = 0)
     
REMAINING 509 ENTRIES SKIPPED


---- usabilidad_ruta  =L=  

usabilidad_ruta(0,0,0)..  Xmas(0,0,0) - Xmenos(0,0,0) - 99*H(0,0) =L= 0 ; (LHS = 0)
     
usabilidad_ruta(0,0,1)..  Xmas(0,0,1) - Xmenos(0,0,1) - 99*H(0,0) =L= 0 ; (LHS = 0)
     
usabilidad_ruta(0,1,0)..  Xmas(0,1,0) - Xmenos(0,1,0) - 99*H(0,1) =L= 99 ; (LHS = 0)
     
REMAINING 509 ENTRIES SKIPPED


---- existencia_ruta_min  =G=  en este modelo son necesarias 2 restricciones para que el flujo sea nulo y no negativo en los arcos no existentes

existencia_ruta_min(0,0,0)..  Xmas(0,0,0) - Xmenos(0,0,0) =G= 0 ; (LHS = 0)
     
existencia_ruta_min(0,0,1)..  Xmas(0,0,1) - Xmenos(0,0,1) =G= 0 ; (LHS = 0)
     
existencia_ruta_min(0,1,0)..  Xmas(0,1,0) - Xmenos(0,1,0) =G= -99 ; (LHS = 0)
     
REMAINING 509 ENTRIES SKIPPED


---- usabilidad_ruta_min  =G=  ídem con los no usables

usabilidad_ruta_min(0,0,0)..  Xmas(0,0,0) - Xmenos(0,0,0) + 99*H(0,0) =G= 0 ; (LHS = 0)
     
usabilidad_ruta_min(0,0,1)..  Xmas(0,0,1) - Xmenos(0,0,1) + 99*H(0,0) =G= 0 ; (LHS = 0)
     
usabilidad_ruta_min(0,1,0)..  Xmas(0,1,0) - Xmenos(0,1,0) + 99*H(0,1) =G= -99 ; (LHS = 0)
     
REMAINING 509 ENTRIES SKIPPED


---- lim_puentes  =L=  

lim_puentes..  H(0,0) + H(0,1) + H(0,2) + H(0,3) + H(0,4) + H(0,5) + H(0,6) + H(0,7) + H(0,8) + H(0,9) + H(0,10) + H(0,11) + H(0,12) + H(0,13) + H(0,14) + H(0,15) + H(1,0) + H(1,1) + H(1,2) + H(1,3) + H(1,4) + H(1,5) + H(1,6) + H(1,7) + H(1,8) + H(1,9) + H(1,10) + H(1,11) + H(1,12) + H(1,13) + H(1,14) + H(1,15) + H(2,0) + H(2,1) + H(2,2) + H(2,3) + H(2,4) + H(2,5) + H(2,6) + H(2,7) + H(2,8) + H(2,9) + H(2,10) + H(2,11) + H(2,12) + H(2,13) + H(2,14) + H(2,15) + H(3,0) + H(3,1) + H(3,2) + H(3,3) + H(3,4) + H(3,5) + H(3,6) + H(3,7) + H(3,8) + H(3,9) + H(3,10) + H(3,11) + H(3,12) + H(3,13) + H(3,14) + H(3,15) + H(4,0) + H(4,1) + H(4,2) + H(4,3) + H(4,4) + H(4,5) + H(4,6) + H(4,7) + H(4,8) + H(4,9) + H(4,10) + H(4,11) + H(4,12) + H(4,13) + H(4,14) + H(4,15) + H(5,0) + H(5,1) + H(5,2) + H(5,3) + H(5,4) + H(5,5) + H(5,6) + H(5,7) + H(5,8) + H(5,9) + H(5,10) + H(5,11) + H(5,12) + H(5,13) + H(5,14) + H(5,15) + H(6,0) + H(6,1) + H(6,2) + H(6,3) + H(6,4) + H(6,5) + H(6,6) + H(6,7) + H(6,8) + H(6,9) + H(6,10) + H(6,11) + H(6,12) + H(6,13) + H(6,14) + H(6,15) + H(7,0) + H(7,1) + H(7,2) + H(7,3) + H(7,4) + H(7,5) + H(7,6) + H(7,7) + H(7,8) + H(7,9) + H(7,10) + H(7,11) + H(7,12) + H(7,13) + H(7,14) + H(7,15) + H(8,0) + H(8,1) + H(8,2) + H(8,3) + H(8,4) + H(8,5) + H(8,6) + H(8,7) + H(8,8) + H(8,9) + H(8,10) + H(8,11) + H(8,12) + H(8,13) + H(8,14) + H(8,15) + H(9,0) + H(9,1) + H(9,2) + H(9,3) + H(9,4) + H(9,5) + H(9,6) + H(9,7) + H(9,8) + H(9,9) + H(9,10) + H(9,11) + H(9,12) + H(9,13) + H(9,14) + H(9,15) + H(10,0) + H(10,1) + H(10,2) + H(10,3) + H(10,4) + H(10,5) + H(10,6) + H(10,7) + H(10,8) + H(10,9) + H(10,10) + H(10,11) + H(10,12) + H(10,13) + H(10,14) + H(10,15) + H(11,0) + H(11,1) + H(11,2) + H(11,3) + H(11,4) + H(11,5) + H(11,6) + H(11,7) + H(11,8) + H(11,9) + H(11,10) + H(11,11) + H(11,12) + H(11,13) + H(11,14) + H(11,15) + H(12,0) + H(12,1) + H(12,2) + H(12,3) + H(12,4) + H(12,5) + H(12,6) + H(12,7) + H(12,8) + H(12,9) + H(12,10) + H(12,11) + H(12,12) + H(12,13) + H(12,14) + H(12,15) + H(13,0) + H(13,1) + H(13,2) + H(13,3) + H(13,4) + H(13,5) + H(13,6) + H(13,7) + H(13,8) + H(13,9) + H(13,10) + H(13,11) + H(13,12) + H(13,13) + H(13,14) + H(13,15) + H(14,0) + H(14,1) + H(14,2) + H(14,3) + H(14,4) + H(14,5) + H(14,6) + H(14,7) + H(14,8) + H(14,9) + H(14,10) + H(14,11) + H(14,12) + H(14,13) + H(14,14) + H(14,15) + H(15,0) + H(15,1) + H(15,2) + H(15,3) + H(15,4) + H(15,5) + H(15,6) + H(15,7) + H(15,8) + H(15,9) + H(15,10) + H(15,11) + H(15,12) + H(15,13) + H(15,14) + H(15,15) =L= 1 ; (LHS = 0)
     

---- def_insatisaux  =G=  definimos la demanda insatisfecha

def_insatisaux(13)..  Z_(13) + Insatisaux =G= 1 ; (LHS = 0, INFES = 1 ****)
     
def_insatisaux(14)..  Z_(14) + Insatisaux =G= 2 ; (LHS = 0, INFES = 2 ****)
     
def_insatisaux(15)..  Z_(15) + Insatisaux =G= 1 ; (LHS = 0, INFES = 1 ****)
     

---- def_auxZ1  =L=  definimos los nodos a los que llega alguna ayuda

def_auxZ1(13)..  - 99*Z_(13) + auxZ(13) =L= 0 ; (LHS = 0)
     
def_auxZ1(14)..  - 99*Z_(14) + auxZ(14) =L= 0 ; (LHS = 0)
     
def_auxZ1(15)..  - 99*Z_(15) + auxZ(15) =L= 0 ; (LHS = 0)
     

---- def_auxZ2  =E=  a los nodos transitorios no puede llegar ninguna ayuda por lo que no cuentan

def_auxZ2(0)..  auxZ(0) =E= 0 ; (LHS = 0)
     
def_auxZ2(1)..  auxZ(1) =E= 0 ; (LHS = 0)
     
def_auxZ2(2)..  auxZ(2) =E= 0 ; (LHS = 0)
     
REMAINING 10 ENTRIES SKIPPED


---- def_Z_  =E=  

def_Z_(0)..  - Y(0,0) - 2*Y(0,1) + Z_(0) =E= 0 ; (LHS = 0)
     
def_Z_(1)..  - Y(1,0) - 2*Y(1,1) + Z_(1) =E= 0 ; (LHS = 0)
     
def_Z_(2)..  - Y(2,0) - 2*Y(2,1) + Z_(2) =E= 0 ; (LHS = 0)
     
REMAINING 13 ENTRIES SKIPPED


---- f_insatis  =E=  funcion objetivo 1. demanda insatisfecha total

f_insatis..  Insatis - 16*Insatisaux =E= 0 ; (LHS = 0)
     

---- f_eq  =E=  funcion objetivo 2. criterio de equidad. numero de nodos a los que se les reparte alguna cantidad de ayuda

f_eq..  - auxZ(0) - auxZ(1) - auxZ(2) - auxZ(3) - auxZ(4) - auxZ(5) - auxZ(6) - auxZ(7) - auxZ(8) - auxZ(9) - auxZ(10) - auxZ(11) - auxZ(12) - auxZ(13) - auxZ(14) - auxZ(15) + Eq =E= 0 ; (LHS = 0)
     
GAMS 41.2.0  5110e5ff Nov 14, 2022          WEX-WEI x86 64bit/MS Windows - 01/22/23 14:08:54 Page 3
modelo sin tiempo reconstruccion + reparto
Column Listing      SOLVE modelo1 Using MIP From line 154


---- Xmas  el flujo es discreto. esta variable sirve para denotar el flujo positivo

Xmas(0,0,0)
                (.LO, .L, .UP, .M = 0, 0, +INF, 0)
        1       solo_arcos_buenos_mas(0,0,0)
        1       existencia_ruta(0,0,0)
        1       usabilidad_ruta(0,0,0)
        1       existencia_ruta_min(0,0,0)
        1       usabilidad_ruta_min(0,0,0)

Xmas(0,0,1)
                (.LO, .L, .UP, .M = 0, 0, +INF, 0)
        1       solo_arcos_buenos_mas(0,0,1)
        1       existencia_ruta(0,0,1)
        1       usabilidad_ruta(0,0,1)
        1       existencia_ruta_min(0,0,1)
        1       usabilidad_ruta_min(0,0,1)

Xmas(0,1,0)
                (.LO, .L, .UP, .M = 0, 0, +INF, 0)
        1       definir_Y(0,0)
       -1       definir_Y(1,0)
        1       existencia_ruta(0,1,0)
        1       usabilidad_ruta(0,1,0)
        1       existencia_ruta_min(0,1,0)
        1       usabilidad_ruta_min(0,1,0)

REMAINING 509 ENTRIES SKIPPED

---- Xmenos  esta variable sirve para denotar el flujo negativo

Xmenos(0,0,0)
                (.LO, .L, .UP, .M = 0, 0, +INF, 0)
        1       solo_arcos_buenos_menos(0,0,0)
       -1       existencia_ruta(0,0,0)
       -1       usabilidad_ruta(0,0,0)
       -1       existencia_ruta_min(0,0,0)
       -1       usabilidad_ruta_min(0,0,0)

Xmenos(0,0,1)
                (.LO, .L, .UP, .M = 0, 0, +INF, 0)
        1       solo_arcos_buenos_menos(0,0,1)
       -1       existencia_ruta(0,0,1)
       -1       usabilidad_ruta(0,0,1)
       -1       existencia_ruta_min(0,0,1)
       -1       usabilidad_ruta_min(0,0,1)

Xmenos(0,1,0)
                (.LO, .L, .UP, .M = 0, 0, +INF, 0)
       -1       definir_Y(0,0)
        1       definir_Y(1,0)
       -1       existencia_ruta(0,1,0)
       -1       usabilidad_ruta(0,1,0)
       -1       existencia_ruta_min(0,1,0)
       -1       usabilidad_ruta_min(0,1,0)

REMAINING 509 ENTRIES SKIPPED

---- Y  flujo de vehiculos que se queda en j

Y(0,0)
                (.LO, .L, .UP, .M = -INF, 0, +INF, 0)
        1       definir_Y(0,0)
       10       lim_provisiones
       -1       def_Z_(0)

Y(0,1)
                (.LO, .L, .UP, .M = -INF, 0, +INF, 0)
        1       definir_Y(0,1)
       15       lim_provisiones
       -2       def_Z_(0)

Y(1,0)
                (.LO, .L, .UP, .M = -INF, 0, +INF, 0)
        1       definir_Y(1,0)
        1       flujo_nulo(1,0)
       -1       def_Z_(1)

REMAINING 29 ENTRIES SKIPPED

---- Z_  toneladas que se quedan en j

Z_(0)
                (.LO, .L, .UP, .M = -INF, 0, +INF, 0)
        1       def_Z_(0)

Z_(1)
                (.LO, .L, .UP, .M = -INF, 0, +INF, 0)
        1       def_Z_(1)

Z_(2)
                (.LO, .L, .UP, .M = -INF, 0, +INF, 0)
        1       def_Z_(2)

REMAINING 13 ENTRIES SKIPPED

---- auxZ  variable binaria que determina si llega alguna ayuda a j

auxZ(0)
                (.LO, .L, .UP, .M = 0, 0, 1, 0)
        1       def_auxZ2(0)
       -1       f_eq

auxZ(1)
                (.LO, .L, .UP, .M = 0, 0, 1, 0)
        1       def_auxZ2(1)
       -1       f_eq

auxZ(2)
                (.LO, .L, .UP, .M = 0, 0, 1, 0)
        1       def_auxZ2(2)
       -1       f_eq

REMAINING 13 ENTRIES SKIPPED

---- H  variable binaria que determina si habilitamos el puente de i a j

H(0,0)
                (.LO, .L, .UP, .M = 0, 0, 1, 0)
      -99       usabilidad_ruta(0,0,0)
      -99       usabilidad_ruta(0,0,1)
       99       usabilidad_ruta_min(0,0,0)
       99       usabilidad_ruta_min(0,0,1)
        1       lim_puentes

H(0,1)
                (.LO, .L, .UP, .M = 0, 0, 1, 0)
      -99       usabilidad_ruta(0,1,0)
      -99       usabilidad_ruta(0,1,1)
       99       usabilidad_ruta_min(0,1,0)
       99       usabilidad_ruta_min(0,1,1)
        1       lim_puentes

H(0,2)
                (.LO, .L, .UP, .M = 0, 0, 1, 0)
      -99       usabilidad_ruta(0,2,0)
      -99       usabilidad_ruta(0,2,1)
       99       usabilidad_ruta_min(0,2,0)
       99       usabilidad_ruta_min(0,2,1)
        1       lim_puentes

REMAINING 253 ENTRIES SKIPPED

---- Insatis  

Insatis
                (.LO, .L, .UP, .M = -INF, 0, +INF, 0)
        1       f_insatis


---- Insatisaux  

Insatisaux
                (.LO, .L, .UP, .M = 0, 0, +INF, 0)
        1       def_insatisaux(13)
        1       def_insatisaux(14)
        1       def_insatisaux(15)
      -16       f_insatis


---- Eq  

Eq
                (.LO, .L, .UP, .M = -INF, 0, +INF, 0)
        1       f_eq

GAMS 41.2.0  5110e5ff Nov 14, 2022          WEX-WEI x86 64bit/MS Windows - 01/22/23 14:08:54 Page 4
modelo sin tiempo reconstruccion + reparto
Range Statistics    SOLVE modelo1 Using MIP From line 154


RANGE STATISTICS (ABSOLUTE NON-ZERO FINITE VALUES)

RHS       [min, max] : [ 1.000E+00, 9.900E+01] - Zero values observed as well
Bound     [min, max] : [ 1.000E+00, 1.000E+00] - Zero values observed as well
Matrix    [min, max] : [ 1.000E+00, 9.900E+01]

GAMS 41.2.0  5110e5ff Nov 14, 2022          WEX-WEI x86 64bit/MS Windows - 01/22/23 14:08:54 Page 5
modelo sin tiempo reconstruccion + reparto
Model Statistics    SOLVE modelo1 Using MIP From line 154


MODEL STATISTICS

BLOCKS OF EQUATIONS          17     SINGLE EQUATIONS        2,693
BLOCKS OF VARIABLES           9     SINGLE VARIABLES        1,347
NON ZERO ELEMENTS         7,996     DISCRETE VARIABLES      1,296



**** The model exceeds the demo license limits for linear models of more than 2000 rows or columns
     As an academic user, you can submit large models to the NEOS service for free (see https://www.gams.com/neos)
     Alternatively, feel free to contact sales@gams.com to discuss your options

**** Terminated due to a licensing error
**** License file: C:\Users\Antonio\Documents\GAMS\gamslice.txt

**** Current license content:
     GAMS Demo license for Antonio Sevilla Sastre   G221121|0002CO-GEN
     UCM, Spain                                                       
     1084556100 **GAMS Demo license restricted to non-commercial use**
     189466700C                                                       
     DL079880                                       C DEMO            
     antsev01@ucm.es, Antonio Sevilla Sastre                          
