--- Job M-R_fobjs.gms Start 05/24/23 12:54:34 41.2.0 5110e5ff WEX-WEI x86 64bit/MS Windows
--- Applying:
    D:\GAMS\41\gmsprmNT.txt
--- GAMS Parameters defined
    Input "G:\Mi unidad\TFG\src\gams\M-R_fobjs.gms"
    PageSize 0
    ScrDir "G:\Mi unidad\TFG\src\gams\225a\"
    SysDir D:\GAMS\41\
    LogOption 3
    ErrMsg 1
    ErrorLog 99
    IDE 1
    LstTitleLeftAligned 1
Licensee: GAMS Demo license for Antonio Sevilla Sastre   G221121|0002CO-GEN
          UCM, Spain                                               DL079880
          C:\Users\Antonio\Documents\GAMS\gamslice.txt
          antsev01@ucm.es, Antonio Sevilla Sastre                          
          Demo license for demonstration and instructional purposes only
Processor information: 1 socket(s), 14 core(s), and 20 thread(s) available
GAMS 41.2.0   Copyright (C) 1987-2022 GAMS Development. All rights reserved
--- Starting compilation
--- M-R_fobjs.gms(223) 5 Mb
--- Starting execution: elapsed 0:00:00.055
--- M-R_fobjs.gms(115) 6 Mb
--- Generating MIP model modelo1
--- M-R_fobjs.gms(182) 591 Mb  220 secs
--- M-R_fobjs.gms(192) 1731 Mb  6 secs
--- M-R_fobjs.gms(194) 1731 Mb  26 secs
--- M-R_fobjs.gms(201) 1758 Mb  13 secs
--- M-R_fobjs.gms(205) 2224 Mb  170 secs
--- M-R_fobjs.gms(206) 2356 Mb  3 secs
--- M-R_fobjs.gms(221) 2756 Mb  22 secs
---   8,850,400 rows  6,000,314 columns  36,001,560 non-zeroes
---   5,925,295 discrete-columns
--- Range statistics (absolute non-zero finite values)
--- RHS       [min, max] : [ 1.000E+00, 2.000E+03] - Zero values observed as well
--- Bound     [min, max] : [ 1.000E+00, 1.000E+00] - Zero values observed as well
--- Matrix    [min, max] : [ 2.000E-01, 9.990E+02]
*** The model exceeds the demo license limits for linear models of more than 2000 rows or columns
    As an academic user, you can submit large models to the NEOS service for free (see https://www.gams.com/neos)
    Alternatively, feel free to contact sales@gams.com to discuss your options
*** Status: Terminated due to a licensing error
***         License file: C:\Users\Antonio\Documents\GAMS\gamslice.txt
***         Inspect listing file for more information.
--- Job M-R_fobjs.gms Stop 05/24/23 13:02:45 elapsed 0:08:10.748
