GAMS 41.2.0  5110e5ff Nov 14, 2022          WEX-WEI x86 64bit/MS Windows - 02/12/23 22:38:08 Page 1
modelo sin tiempo reconstruccion + reparto
C o m p i l a t i o n


   2   
   3  Set
   4  j nodos. representan los asentamientos. en este modelo hemos de distinguir entre transitorios-destino-origen /0*19/
   5  v Tipos de vehiculo /0*2/
   6  ;
   7   
   8  Alias
   9  (j,i,k)
  10  ;
  11   
  12  Parameters
  13  dem(j) Demanda por cada asentamiento de un  unico recurso en toneladas
  14  /
  15  0 0,
  16  1 1,
  17  2 1,
  18  3 1,
  19  4 8,
  20  5 4,
  21  6 4,
  22  7 3,
  23  8 2,
  24  9 7,
  25  10 2,
  26  11 2,
  27  12 2,
  28  13 2,
  29  14 2,
  30  15 2,
  31  16 2,
  32  17 2,
  33  18 2,
  34  19 2
  35  /
  36  max_coste Maximo presupuesto que se puede invertir
  37   /80/
  38  max_puentes Maximo numero de puentes que podemos reconstruir previo paso (un puente por cada sentido consideramos un grafo orientado)
  39   /2/
  40  capacidad_vehiculo(v) Capacidad de hacer partir 1 vehiculo de tipo v /0 1,1 2,2 5/
  41  coste_vehiculo(v) Coste total y fijo de hacer partir 1 vehiculo de tipo v /0 10,1 15,2 30/
  42  P_total Probabilidad aceptable de que todos los convoys puedan pasar por todas las rutas elegidas
  43  /0.3/
  44  coste_variable Coste variable por km recorrido /1/
  45  ;
  46   
  47  * Matrices de ejemplo generadas con la versión buena de mi programa (la del 12-02-23)
  48  * [num_nodos, num_cut, min_prob_rute] = [20, 6, 0.7]
  49  Table E(i,j) Existe la ruta de i a j
  50        0     1     2     3     4     5     6     7     8     9    10    11    12    13    14    15    16    17    18    19
  51  0     0     0     0     0     0     1     0     0     1     0     0     0     0     0     1     0     0     0     0     0
  52  1     0     0     0     0     0     0     0     1     0     0     0     0     0     0     1     0     0     0     0     0
  53  2     0     0     0     0     0     0     0     0     1     0     1     0     0     0     0     0     0     0     0     0
  54  3     0     0     0     0     0     0     0     0     1     0     0     0     1     0     0     0     0     0     0     1
  55  4     0     0     0     0     0     0     0     0     0     0     0     0     0     0     0     1     0     0     0     0
  56  5     1     0     0     0     0     0     0     0     0     1     0     0     0     0     0     0     0     1     0     0
  57  6     0     0     0     0     0     0     0     0     0     1     0     0     0     0     0     0     0     0     0     0
  58  7     0     1     0     0     0     0     0     0     0     0     0     0     0     1     0     0     0     0     0     0
  59  8     1     0     1     1     0     0     0     0     0     0     0     0     0     0     0     0     0     0     1     0
  60  9     0     0     0     0     0     1     1     0     0     0     0     0     0     0     0     0     0     0     0     0
  61  10    0     0     1     0     0     0     0     0     0     0     0     0     0     0     0     0     0     0     0     0
  62  11    0     0     0     0     0     0     0     0     0     0     0     0     0     0     0     0     0     0     0     1
  63  12    0     0     0     1     0     0     0     0     0     0     0     0     0     0     0     0     0     0     0     0
  64  13    0     0     0     0     0     0     0     1     0     0     0     0     0     0     0     0     0     0     0     0
  65  14    1     1     0     0     0     0     0     0     0     0     0     0     0     0     0     0     0     0     0     0
  66  15    0     0     0     0     1     0     0     0     0     0     0     0     0     0     0     0     0     1     0     0
  67  16    0     0     0     0     0     0     0     0     0     0     0     0     0     0     0     0     0     0     0     1
  68  17    0     0     0     0     0     1     0     0     0     0     0     0     0     0     0     1     0     0     0     0
  69  18    0     0     0     0     0     0     0     0     1     0     0     0     0     0     0     0     0     0     0     0
  70  19    0     0     0     1     0     0     0     0     0     0     0     1     0     0     0     0     1     0     0     0
  71  ;
  72  Table U(i,j) Al inicio es utilizable la ruta de i a j
  73        0     1     2     3     4     5     6     7     8     9    10    11    12    13    14    15    16    17    18    19
  74  0     0     0     0     0     0     1     0     0     0     0     0     0     0     0     1     0     0     0     0     0
  75  1     0     0     0     0     0     0     0     0     0     0     0     0     0     0     1     0     0     0     0     0
  76  2     0     0     0     0     0     0     0     0     1     0     1     0     0     0     0     0     0     0     0     0
  77  3     0     0     0     0     0     0     0     0     1     0     0     0     0     0     0     0     0     0     0     1
  78  4     0     0     0     0     0     0     0     0     0     0     0     0     0     0     0     0     0     0     0     0
  79  5     1     0     0     0     0     0     0     0     0     1     0     0     0     0     0     0     0     0     0     0
  80  6     0     0     0     0     0     0     0     0     0     1     0     0     0     0     0     0     0     0     0     0
  81  7     0     0     0     0     0     0     0     0     0     0     0     0     0     0     0     0     0     0     0     0
  82  8     0     0     1     1     0     0     0     0     0     0     0     0     0     0     0     0     0     0     1     0
  83  9     0     0     0     0     0     1     1     0     0     0     0     0     0     0     0     0     0     0     0     0
  84  10    0     0     1     0     0     0     0     0     0     0     0     0     0     0     0     0     0     0     0     0
  85  11    0     0     0     0     0     0     0     0     0     0     0     0     0     0     0     0     0     0     0     1
  86  12    0     0     0     0     0     0     0     0     0     0     0     0     0     0     0     0     0     0     0     0
  87  13    0     0     0     0     0     0     0     0     0     0     0     0     0     0     0     0     0     0     0     0
  88  14    1     1     0     0     0     0     0     0     0     0     0     0     0     0     0     0     0     0     0     0
  89  15    0     0     0     0     0     0     0     0     0     0     0     0     0     0     0     0     0     1     0     0
  90  16    0     0     0     0     0     0     0     0     0     0     0     0     0     0     0     0     0     0     0     1
  91  17    0     0     0     0     0     0     0     0     0     0     0     0     0     0     0     1     0     0     0     0
  92  18    0     0     0     0     0     0     0     0     1     0     0     0     0     0     0     0     0     0     0     0
  93  19    0     0     0     1     0     0     0     0     0     0     0     1     0     0     0     0     1     0     0     0
  94  ;
  95  Table P(i,j) Probabilidad de que la ruta de i a j sea usable
  96        0     1     2     3     4     5     6     7     8     9    10    11    12    13    14    15    16    17    18    19
  97  0     1     1     1     1     1     0.79  1     1     1     1     1     1     1     1     0.88  1     1     1     1     1
  98  1     1     1     1     1     1     1     1     1     1     1     1     1     1     1     0.9   1     1     1     1     1
  99  2     1     1     1     1     1     1     1     1     0.73  1     0.77  1     1     1     1     1     1     1     1     1
 100  3     1     1     1     1     1     1     1     1     0.94  1     1     1     1     1     1     1     1     1     1     0.75
 101  4     1     1     1     1     1     1     1     1     1     1     1     1     1     1     1     1     1     1     1     1
 102  5     0.79  1     1     1     1     1     1     1     1     0.86  1     1     1     1     1     1     1     1     1     1
 103  6     1     1     1     1     1     1     1     1     1     0.81  1     1     1     1     1     1     1     1     1     1
 104  7     1     1     1     1     1     1     1     1     1     1     1     1     1     1     1     1     1     1     1     1
 105  8     1     1     0.73  0.94  1     1     1     1     1     1     1     1     1     1     1     1     1     1     0.98  1
 106  9     1     1     1     1     1     0.86  0.81  1     1     1     1     1     1     1     1     1     1     1     1     1
 107  10    1     1     0.77  1     1     1     1     1     1     1     1     1     1     1     1     1     1     1     1     1
 108  11    1     1     1     1     1     1     1     1     1     1     1     1     1     1     1     1     1     1     1     0.99
 109  12    1     1     1     1     1     1     1     1     1     1     1     1     1     1     1     1     1     1     1     1
 110  13    1     1     1     1     1     1     1     1     1     1     1     1     1     1     1     1     1     1     1     1
 111  14    0.88  0.9   1     1     1     1     1     1     1     1     1     1     1     1     1     1     1     1     1     1
 112  15    1     1     1     1     1     1     1     1     1     1     1     1     1     1     1     1     1     0.93  1     1
 113  16    1     1     1     1     1     1     1     1     1     1     1     1     1     1     1     1     1     1     1     0.87
 114  17    1     1     1     1     1     1     1     1     1     1     1     1     1     1     1     0.93  1     1     1     1
 115  18    1     1     1     1     1     1     1     1     0.98  1     1     1     1     1     1     1     1     1     1     1
 116  19    1     1     1     0.75  1     1     1     1     1     1     1     0.99  1     1     1     1     0.87  1     1     1
 117  ;
 118  Table Dist(i,j) Distancia de las rutas de i a j
 119        0     1     2     3     4     5     6     7     8     9    10    11    12    13    14    15    16    17    18    19
 120  0     0     0     0     0     0     5     0     0     0     0     0     0     0     0     3     0     0     0     0     0
 121  1     0     0     0     0     0     0     0     0     0     0     0     0     0     0     2     0     0     0     0     0
 122  2     0     0     0     0     0     0     0     0     3     0     3     0     0     0     0     0     0     0     0     0
 123  3     0     0     0     0     0     0     0     0     4     0     0     0     0     0     0     0     0     0     0     2
 124  4     0     0     0     0     0     0     0     0     0     0     0     0     0     0     0     0     0     0     0     0
 125  5     5     0     0     0     0     0     0     0     0     3     0     0     0     0     0     0     0     0     0     0
 126  6     0     0     0     0     0     0     0     0     0     2     0     0     0     0     0     0     0     0     0     0
 127  7     0     0     0     0     0     0     0     0     0     0     0     0     0     0     0     0     0     0     0     0
 128  8     0     0     3     4     0     0     0     0     0     0     0     0     0     0     0     0     0     0     5     0
 129  9     0     0     0     0     0     3     2     0     0     0     0     0     0     0     0     0     0     0     0     0
 130  10    0     0     3     0     0     0     0     0     0     0     0     0     0     0     0     0     0     0     0     0
 131  11    0     0     0     0     0     0     0     0     0     0     0     0     0     0     0     0     0     0     0     5
 132  12    0     0     0     0     0     0     0     0     0     0     0     0     0     0     0     0     0     0     0     0
 133  13    0     0     0     0     0     0     0     0     0     0     0     0     0     0     0     0     0     0     0     0
 134  14    3     2     0     0     0     0     0     0     0     0     0     0     0     0     0     0     0     0     0     0
 135  15    0     0     0     0     0     0     0     0     0     0     0     0     0     0     0     0     0     4     0     0
 136  16    0     0     0     0     0     0     0     0     0     0     0     0     0     0     0     0     0     0     0     2
 137  17    0     0     0     0     0     0     0     0     0     0     0     0     0     0     0     4     0     0     0     0
 138  18    0     0     0     0     0     0     0     0     5     0     0     0     0     0     0     0     0     0     0     0
 139  19    0     0     0     2     0     0     0     0     0     0     0     5     0     0     0     0     2     0     0     0
 140  ;
 141   
 142   
 143   
 144  loop(i,
 145      loop(j,
 146          P(i, j) := log2(P(i,j));
 147          );
 148      );
 149   
 150  P_total = log2(P_total);
 151   
 152  Variables
 153  Xmas(i,j,v ) el flujo es discreto. esta variable sirve para denotar el flujo positivo
 154  Xmenos(i,j,v) esta variable sirve para denotar el flujo negativo
 155  Y(j,v ) flujo de vehiculos que se queda en j
 156  Z_(j) toneladas que se quedan en j
 157  auxZ(j) variable binaria que determina si llega alguna ayuda a j
 158   
 159  H(i,j) variable binaria que determina si habilitamos el puente de i a j
 160   
 161  Used(i,j)
 162   
 163  Insatis
 164  Insatisaux
 165  Eq
 166  ;
 167   
 168  Positive variables Insatisaux;
 169  Binary variables H, auxZ, Used;
 170  Integer variables Xmas, Xmenos;
 171   
 172  Equations
 173   
 174  definir_Y(j,v) ecuacion de flujo
 175   
 176  solo_arcos_buenos_mas(i,j,v) consideramos de flujo nulo la mitad de los nodos. asi consideramos un grafo no orientado
 177  solo_arcos_buenos_menos(i,j,v)
 178   
 179  *lim_demanda(j)
 180  lim_provisiones restriccion que fija la cantidad de ayuda que podemos enviar
 181  flujo_nulo(j,v) en los nodos transitorios el flujo es nulo
 182   
 183  flujo_destinos(j,v)
 184   
 185  existencia_ruta(i,j,v)
 186  usabilidad_ruta(i,j,v)
 187  existencia_ruta_min(i,j,v) en este modelo son necesarias 2 restricciones para que el flujo sea nulo y no negativo en los arcos no existentes
 188  usabilidad_ruta_min(i,j,v) ídem con los no usables
 189  lim_puentes
 190   
 191  arco_usado(i,j) Pasa algun vehiculo por este nodo
 192  arco_usado_orientacion(i,j)
 193  fiabilidad Restriccion que impide elegir alguna ruta que tenga mas de cierta probabilidad de no ser usable
 194   
 195  def_insatisaux definimos la demanda insatisfecha
 196   
 197  def_auxZ1(j) definimos los nodos a los que llega alguna ayuda
 198  def_auxZ2(j) a los nodos transitorios no puede llegar ninguna ayuda por lo que no cuentan
 199   
 200  def_Z_(j)
 201   
 202  f_insatis funcion objetivo 1. demanda insatisfecha total
 203  f_eq funcion objetivo 2. criterio de equidad. numero de nodos a los que se les reparte alguna cantidad de ayuda
 204  ;
 205   
 206   
 207  definir_Y(j,v).. Y(j,v) =E= sum(i, Xmas(i,j,v)-Xmenos(i,j,v)) - sum(i, Xmas(j,i,v)-Xmenos(j,i,v));
 208   
 209  solo_arcos_buenos_mas(i,j,v)$(ord(i)<=ord(j)).. Xmas(j,i,v) =E= 0;
 210  solo_arcos_buenos_menos(i,j,v)$(ord(i)<=ord(j)).. Xmenos(j,i,v) =E= 0;
 211   
 212  *lim_demanda(j).. Y(j) =L= dem(j);
 213  lim_provisiones.. sum(v,Y("0",v)*coste_vehiculo(v)) - sum(v, sum(i, sum(j, (Xmas(i,j,v)+Xmenos(i,j,v))*Dist(i,j)*coste_variable))) =G= -max_coste;
 214   
 215   
 216  existencia_ruta(i,j,v).. Xmas(i,j,v)-Xmenos(i,j,v) =L= 99*E(i,j);
 217  usabilidad_ruta(i,j,v).. Xmas(i,j,v)-Xmenos(i,j,v) =L= 99*(U(i,j) +  H(i,j));
 218  existencia_ruta_min(i,j,v).. Xmas(i,j,v)-Xmenos(i,j,v) =G= -99*E(i,j);
 219  usabilidad_ruta_min(i,j,v).. Xmas(i,j,v)-Xmenos(i,j,v) =G= -99*(U(i,j) +  H(i,j));
 220  lim_puentes..  sum(i, sum(j, H(i,j))) =L= max_puentes;
 221   
 222  arco_usado(i,j).. 99*Used(i,j) =G= sum(v, Xmas(i,j,v)+Xmenos(i,j,v));
 223  arco_usado_orientacion(i,j).. Used(i,j)=E= Used(j,i);
 224  fiabilidad.. sum(i, sum(j, Used(i,j)*P(i,j))) =G= P_total;
 225   
 226  ****************************************************
 227  flujo_nulo(j,v)$(ord(j)>1 and ord(j)<=4).. Y(j,v) =E= 0;
 228  flujo_destinos(j,v)$(ord(j)>=5).. Y(j,v) =G= 0;
 229  def_insatisaux(j)$(ord(j)>=5).. Insatisaux =G= dem(j) - Z_(j);
 230  def_auxZ1(j)$(ord(j)>=5).. auxZ(j) =L= 99*Z_(j);
 231  def_auxZ2(j)$(ord(j)<=4).. auxZ(j) =E= 0;
 232  ***************************************************
 233   
 234  def_Z_(j).. Z_(j) =E= sum(v, Y(j,v)*capacidad_vehiculo(v));
 235   
 236  f_eq.. Eq =E= sum(j, auxZ(j));
 237  f_insatis.. Insatis =E= sum(j, Insatisaux);
 238  model modelo1 /all/;
 239   
 240  solve modelo1 using MIP minimizing Insatis;
 241  solve modelo1 using MIP maximizing Eq;
 242   


COMPILATION TIME     =        0.000 SECONDS      3 MB  41.2.0 5110e5ff WEX-WEI
GAMS 41.2.0  5110e5ff Nov 14, 2022          WEX-WEI x86 64bit/MS Windows - 02/12/23 22:38:08 Page 2
modelo sin tiempo reconstruccion + reparto
Equation Listing    SOLVE modelo1 Using MIP From line 240


---- definir_Y  =E=  ecuacion de flujo

definir_Y(0,0)..  Xmas(0,1,0) + Xmas(0,2,0) + Xmas(0,3,0) + Xmas(0,4,0) + Xmas(0,5,0) + Xmas(0,6,0) + Xmas(0,7,0) + Xmas(0,8,0) + Xmas(0,9,0) + Xmas(0,10,0) + Xmas(0,11,0) + Xmas(0,12,0) + Xmas(0,13,0) + Xmas(0,14,0) + Xmas(0,15,0) + Xmas(0,16,0) + Xmas(0,17,0) + Xmas(0,18,0) + Xmas(0,19,0) - Xmas(1,0,0) - Xmas(2,0,0) - Xmas(3,0,0) - Xmas(4,0,0) - Xmas(5,0,0) - Xmas(6,0,0) - Xmas(7,0,0) - Xmas(8,0,0) - Xmas(9,0,0) - Xmas(10,0,0) - Xmas(11,0,0) - Xmas(12,0,0) - Xmas(13,0,0) - Xmas(14,0,0) - Xmas(15,0,0) - Xmas(16,0,0) - Xmas(17,0,0) - Xmas(18,0,0) - Xmas(19,0,0) - Xmenos(0,1,0) - Xmenos(0,2,0) - Xmenos(0,3,0) - Xmenos(0,4,0) - Xmenos(0,5,0) - Xmenos(0,6,0) - Xmenos(0,7,0) - Xmenos(0,8,0) - Xmenos(0,9,0) - Xmenos(0,10,0) - Xmenos(0,11,0) - Xmenos(0,12,0) - Xmenos(0,13,0) - Xmenos(0,14,0) - Xmenos(0,15,0) - Xmenos(0,16,0) - Xmenos(0,17,0) - Xmenos(0,18,0) - Xmenos(0,19,0) + Xmenos(1,0,0) + Xmenos(2,0,0) + Xmenos(3,0,0) + Xmenos(4,0,0) + Xmenos(5,0,0) + Xmenos(6,0,0) + Xmenos(7,0,0) + Xmenos(8,0,0) + Xmenos(9,0,0) + Xmenos(10,0,0) + Xmenos(11,0,0) + Xmenos(12,0,0) + Xmenos(13,0,0) + Xmenos(14,0,0) + Xmenos(15,0,0) + Xmenos(16,0,0) + Xmenos(17,0,0) + Xmenos(18,0,0) + Xmenos(19,0,0) + Y(0,0) =E= 0 ; (LHS = 0)
     
definir_Y(0,1)..  Xmas(0,1,1) + Xmas(0,2,1) + Xmas(0,3,1) + Xmas(0,4,1) + Xmas(0,5,1) + Xmas(0,6,1) + Xmas(0,7,1) + Xmas(0,8,1) + Xmas(0,9,1) + Xmas(0,10,1) + Xmas(0,11,1) + Xmas(0,12,1) + Xmas(0,13,1) + Xmas(0,14,1) + Xmas(0,15,1) + Xmas(0,16,1) + Xmas(0,17,1) + Xmas(0,18,1) + Xmas(0,19,1) - Xmas(1,0,1) - Xmas(2,0,1) - Xmas(3,0,1) - Xmas(4,0,1) - Xmas(5,0,1) - Xmas(6,0,1) - Xmas(7,0,1) - Xmas(8,0,1) - Xmas(9,0,1) - Xmas(10,0,1) - Xmas(11,0,1) - Xmas(12,0,1) - Xmas(13,0,1) - Xmas(14,0,1) - Xmas(15,0,1) - Xmas(16,0,1) - Xmas(17,0,1) - Xmas(18,0,1) - Xmas(19,0,1) - Xmenos(0,1,1) - Xmenos(0,2,1) - Xmenos(0,3,1) - Xmenos(0,4,1) - Xmenos(0,5,1) - Xmenos(0,6,1) - Xmenos(0,7,1) - Xmenos(0,8,1) - Xmenos(0,9,1) - Xmenos(0,10,1) - Xmenos(0,11,1) - Xmenos(0,12,1) - Xmenos(0,13,1) - Xmenos(0,14,1) - Xmenos(0,15,1) - Xmenos(0,16,1) - Xmenos(0,17,1) - Xmenos(0,18,1) - Xmenos(0,19,1) + Xmenos(1,0,1) + Xmenos(2,0,1) + Xmenos(3,0,1) + Xmenos(4,0,1) + Xmenos(5,0,1) + Xmenos(6,0,1) + Xmenos(7,0,1) + Xmenos(8,0,1) + Xmenos(9,0,1) + Xmenos(10,0,1) + Xmenos(11,0,1) + Xmenos(12,0,1) + Xmenos(13,0,1) + Xmenos(14,0,1) + Xmenos(15,0,1) + Xmenos(16,0,1) + Xmenos(17,0,1) + Xmenos(18,0,1) + Xmenos(19,0,1) + Y(0,1) =E= 0 ; (LHS = 0)
     
definir_Y(0,2)..  Xmas(0,1,2) + Xmas(0,2,2) + Xmas(0,3,2) + Xmas(0,4,2) + Xmas(0,5,2) + Xmas(0,6,2) + Xmas(0,7,2) + Xmas(0,8,2) + Xmas(0,9,2) + Xmas(0,10,2) + Xmas(0,11,2) + Xmas(0,12,2) + Xmas(0,13,2) + Xmas(0,14,2) + Xmas(0,15,2) + Xmas(0,16,2) + Xmas(0,17,2) + Xmas(0,18,2) + Xmas(0,19,2) - Xmas(1,0,2) - Xmas(2,0,2) - Xmas(3,0,2) - Xmas(4,0,2) - Xmas(5,0,2) - Xmas(6,0,2) - Xmas(7,0,2) - Xmas(8,0,2) - Xmas(9,0,2) - Xmas(10,0,2) - Xmas(11,0,2) - Xmas(12,0,2) - Xmas(13,0,2) - Xmas(14,0,2) - Xmas(15,0,2) - Xmas(16,0,2) - Xmas(17,0,2) - Xmas(18,0,2) - Xmas(19,0,2) - Xmenos(0,1,2) - Xmenos(0,2,2) - Xmenos(0,3,2) - Xmenos(0,4,2) - Xmenos(0,5,2) - Xmenos(0,6,2) - Xmenos(0,7,2) - Xmenos(0,8,2) - Xmenos(0,9,2) - Xmenos(0,10,2) - Xmenos(0,11,2) - Xmenos(0,12,2) - Xmenos(0,13,2) - Xmenos(0,14,2) - Xmenos(0,15,2) - Xmenos(0,16,2) - Xmenos(0,17,2) - Xmenos(0,18,2) - Xmenos(0,19,2) + Xmenos(1,0,2) + Xmenos(2,0,2) + Xmenos(3,0,2) + Xmenos(4,0,2) + Xmenos(5,0,2) + Xmenos(6,0,2) + Xmenos(7,0,2) + Xmenos(8,0,2) + Xmenos(9,0,2) + Xmenos(10,0,2) + Xmenos(11,0,2) + Xmenos(12,0,2) + Xmenos(13,0,2) + Xmenos(14,0,2) + Xmenos(15,0,2) + Xmenos(16,0,2) + Xmenos(17,0,2) + Xmenos(18,0,2) + Xmenos(19,0,2) + Y(0,2) =E= 0 ; (LHS = 0)
     
REMAINING 57 ENTRIES SKIPPED


---- solo_arcos_buenos_mas  =E=  consideramos de flujo nulo la mitad de los nodos. asi consideramos un grafo no orientado

solo_arcos_buenos_mas(0,0,0)..  Xmas(0,0,0) =E= 0 ; (LHS = 0)
     
solo_arcos_buenos_mas(0,0,1)..  Xmas(0,0,1) =E= 0 ; (LHS = 0)
     
solo_arcos_buenos_mas(0,0,2)..  Xmas(0,0,2) =E= 0 ; (LHS = 0)
     
REMAINING 627 ENTRIES SKIPPED


---- solo_arcos_buenos_menos  =E=  

solo_arcos_buenos_menos(0,0,0)..  Xmenos(0,0,0) =E= 0 ; (LHS = 0)
     
solo_arcos_buenos_menos(0,0,1)..  Xmenos(0,0,1) =E= 0 ; (LHS = 0)
     
solo_arcos_buenos_menos(0,0,2)..  Xmenos(0,0,2) =E= 0 ; (LHS = 0)
     
REMAINING 627 ENTRIES SKIPPED


---- lim_provisiones  =G=  restriccion que fija la cantidad de ayuda que podemos enviar

lim_provisiones..  - 5*Xmas(0,5,0) - 5*Xmas(0,5,1) - 5*Xmas(0,5,2) - 3*Xmas(0,14,0) - 3*Xmas(0,14,1) - 3*Xmas(0,14,2) - 2*Xmas(1,14,0) - 2*Xmas(1,14,1) - 2*Xmas(1,14,2) - 3*Xmas(2,8,0) - 3*Xmas(2,8,1) - 3*Xmas(2,8,2) - 3*Xmas(2,10,0) - 3*Xmas(2,10,1) - 3*Xmas(2,10,2) - 4*Xmas(3,8,0) - 4*Xmas(3,8,1) - 4*Xmas(3,8,2) - 2*Xmas(3,19,0) - 2*Xmas(3,19,1) - 2*Xmas(3,19,2) - 5*Xmas(5,0,0) - 5*Xmas(5,0,1) - 5*Xmas(5,0,2) - 3*Xmas(5,9,0) - 3*Xmas(5,9,1) - 3*Xmas(5,9,2) - 2*Xmas(6,9,0) - 2*Xmas(6,9,1) - 2*Xmas(6,9,2) - 3*Xmas(8,2,0) - 3*Xmas(8,2,1) - 3*Xmas(8,2,2) - 4*Xmas(8,3,0) - 4*Xmas(8,3,1) - 4*Xmas(8,3,2) - 5*Xmas(8,18,0) - 5*Xmas(8,18,1) - 5*Xmas(8,18,2) - 3*Xmas(9,5,0) - 3*Xmas(9,5,1) - 3*Xmas(9,5,2) - 2*Xmas(9,6,0) - 2*Xmas(9,6,1) - 2*Xmas(9,6,2) - 3*Xmas(10,2,0) - 3*Xmas(10,2,1) - 3*Xmas(10,2,2) - 5*Xmas(11,19,0) - 5*Xmas(11,19,1) - 5*Xmas(11,19,2) - 3*Xmas(14,0,0) - 3*Xmas(14,0,1) - 3*Xmas(14,0,2) - 2*Xmas(14,1,0) - 2*Xmas(14,1,1) - 2*Xmas(14,1,2) - 4*Xmas(15,17,0) - 4*Xmas(15,17,1) - 4*Xmas(15,17,2) - 2*Xmas(16,19,0) - 2*Xmas(16,19,1) - 2*Xmas(16,19,2) - 4*Xmas(17,15,0) - 4*Xmas(17,15,1) - 4*Xmas(17,15,2) - 5*Xmas(18,8,0) - 5*Xmas(18,8,1) - 5*Xmas(18,8,2) - 2*Xmas(19,3,0) - 2*Xmas(19,3,1) - 2*Xmas(19,3,2) - 5*Xmas(19,11,0) - 5*Xmas(19,11,1) - 5*Xmas(19,11,2) - 2*Xmas(19,16,0) - 2*Xmas(19,16,1) - 2*Xmas(19,16,2) - 5*Xmenos(0,5,0) - 5*Xmenos(0,5,1) - 5*Xmenos(0,5,2) - 3*Xmenos(0,14,0) - 3*Xmenos(0,14,1) - 3*Xmenos(0,14,2) - 2*Xmenos(1,14,0) - 2*Xmenos(1,14,1) - 2*Xmenos(1,14,2) - 3*Xmenos(2,8,0) - 3*Xmenos(2,8,1) - 3*Xmenos(2,8,2) - 3*Xmenos(2,10,0) - 3*Xmenos(2,10,1) - 3*Xmenos(2,10,2) - 4*Xmenos(3,8,0) - 4*Xmenos(3,8,1) - 4*Xmenos(3,8,2) - 2*Xmenos(3,19,0) - 2*Xmenos(3,19,1) - 2*Xmenos(3,19,2) - 5*Xmenos(5,0,0) - 5*Xmenos(5,0,1) - 5*Xmenos(5,0,2) - 3*Xmenos(5,9,0) - 3*Xmenos(5,9,1) - 3*Xmenos(5,9,2) - 2*Xmenos(6,9,0) - 2*Xmenos(6,9,1) - 2*Xmenos(6,9,2) - 3*Xmenos(8,2,0) - 3*Xmenos(8,2,1) - 3*Xmenos(8,2,2) - 4*Xmenos(8,3,0) - 4*Xmenos(8,3,1) - 4*Xmenos(8,3,2) - 5*Xmenos(8,18,0) - 5*Xmenos(8,18,1) - 5*Xmenos(8,18,2) - 3*Xmenos(9,5,0) - 3*Xmenos(9,5,1) - 3*Xmenos(9,5,2) - 2*Xmenos(9,6,0) - 2*Xmenos(9,6,1) - 2*Xmenos(9,6,2) - 3*Xmenos(10,2,0) - 3*Xmenos(10,2,1) - 3*Xmenos(10,2,2) - 5*Xmenos(11,19,0) - 5*Xmenos(11,19,1) - 5*Xmenos(11,19,2) - 3*Xmenos(14,0,0) - 3*Xmenos(14,0,1) - 3*Xmenos(14,0,2) - 2*Xmenos(14,1,0) - 2*Xmenos(14,1,1) - 2*Xmenos(14,1,2) - 4*Xmenos(15,17,0) - 4*Xmenos(15,17,1) - 4*Xmenos(15,17,2) - 2*Xmenos(16,19,0) - 2*Xmenos(16,19,1) - 2*Xmenos(16,19,2) - 4*Xmenos(17,15,0) - 4*Xmenos(17,15,1) - 4*Xmenos(17,15,2) - 5*Xmenos(18,8,0) - 5*Xmenos(18,8,1) - 5*Xmenos(18,8,2) - 2*Xmenos(19,3,0) - 2*Xmenos(19,3,1) - 2*Xmenos(19,3,2) - 5*Xmenos(19,11,0) - 5*Xmenos(19,11,1) - 5*Xmenos(19,11,2) - 2*Xmenos(19,16,0) - 2*Xmenos(19,16,1) - 2*Xmenos(19,16,2) + 10*Y(0,0) + 15*Y(0,1) + 30*Y(0,2) =G= -80 ; (LHS = 0)
     

---- flujo_nulo  =E=  en los nodos transitorios el flujo es nulo

flujo_nulo(1,0)..  Y(1,0) =E= 0 ; (LHS = 0)
     
flujo_nulo(1,1)..  Y(1,1) =E= 0 ; (LHS = 0)
     
flujo_nulo(1,2)..  Y(1,2) =E= 0 ; (LHS = 0)
     
REMAINING 6 ENTRIES SKIPPED


---- flujo_destinos  =G=  

flujo_destinos(4,0)..  Y(4,0) =G= 0 ; (LHS = 0)
     
flujo_destinos(4,1)..  Y(4,1) =G= 0 ; (LHS = 0)
     
flujo_destinos(4,2)..  Y(4,2) =G= 0 ; (LHS = 0)
     
REMAINING 45 ENTRIES SKIPPED


---- existencia_ruta  =L=  

existencia_ruta(0,0,0)..  Xmas(0,0,0) - Xmenos(0,0,0) =L= 0 ; (LHS = 0)
     
existencia_ruta(0,0,1)..  Xmas(0,0,1) - Xmenos(0,0,1) =L= 0 ; (LHS = 0)
     
existencia_ruta(0,0,2)..  Xmas(0,0,2) - Xmenos(0,0,2) =L= 0 ; (LHS = 0)
     
REMAINING 1197 ENTRIES SKIPPED


---- usabilidad_ruta  =L=  

usabilidad_ruta(0,0,0)..  Xmas(0,0,0) - Xmenos(0,0,0) - 99*H(0,0) =L= 0 ; (LHS = 0)
     
usabilidad_ruta(0,0,1)..  Xmas(0,0,1) - Xmenos(0,0,1) - 99*H(0,0) =L= 0 ; (LHS = 0)
     
usabilidad_ruta(0,0,2)..  Xmas(0,0,2) - Xmenos(0,0,2) - 99*H(0,0) =L= 0 ; (LHS = 0)
     
REMAINING 1197 ENTRIES SKIPPED


---- existencia_ruta_min  =G=  en este modelo son necesarias 2 restricciones para que el flujo sea nulo y no negativo en los arcos no existentes

existencia_ruta_min(0,0,0)..  Xmas(0,0,0) - Xmenos(0,0,0) =G= 0 ; (LHS = 0)
     
existencia_ruta_min(0,0,1)..  Xmas(0,0,1) - Xmenos(0,0,1) =G= 0 ; (LHS = 0)
     
existencia_ruta_min(0,0,2)..  Xmas(0,0,2) - Xmenos(0,0,2) =G= 0 ; (LHS = 0)
     
REMAINING 1197 ENTRIES SKIPPED


---- usabilidad_ruta_min  =G=  ídem con los no usables

usabilidad_ruta_min(0,0,0)..  Xmas(0,0,0) - Xmenos(0,0,0) + 99*H(0,0) =G= 0 ; (LHS = 0)
     
usabilidad_ruta_min(0,0,1)..  Xmas(0,0,1) - Xmenos(0,0,1) + 99*H(0,0) =G= 0 ; (LHS = 0)
     
usabilidad_ruta_min(0,0,2)..  Xmas(0,0,2) - Xmenos(0,0,2) + 99*H(0,0) =G= 0 ; (LHS = 0)
     
REMAINING 1197 ENTRIES SKIPPED


---- lim_puentes  =L=  

lim_puentes..  H(0,0) + H(0,1) + H(0,2) + H(0,3) + H(0,4) + H(0,5) + H(0,6) + H(0,7) + H(0,8) + H(0,9) + H(0,10) + H(0,11) + H(0,12) + H(0,13) + H(0,14) + H(0,15) + H(0,16) + H(0,17) + H(0,18) + H(0,19) + H(1,0) + H(1,1) + H(1,2) + H(1,3) + H(1,4) + H(1,5) + H(1,6) + H(1,7) + H(1,8) + H(1,9) + H(1,10) + H(1,11) + H(1,12) + H(1,13) + H(1,14) + H(1,15) + H(1,16) + H(1,17) + H(1,18) + H(1,19) + H(2,0) + H(2,1) + H(2,2) + H(2,3) + H(2,4) + H(2,5) + H(2,6) + H(2,7) + H(2,8) + H(2,9) + H(2,10) + H(2,11) + H(2,12) + H(2,13) + H(2,14) + H(2,15) + H(2,16) + H(2,17) + H(2,18) + H(2,19) + H(3,0) + H(3,1) + H(3,2) + H(3,3) + H(3,4) + H(3,5) + H(3,6) + H(3,7) + H(3,8) + H(3,9) + H(3,10) + H(3,11) + H(3,12) + H(3,13) + H(3,14) + H(3,15) + H(3,16) + H(3,17) + H(3,18) + H(3,19) + H(4,0) + H(4,1) + H(4,2) + H(4,3) + H(4,4) + H(4,5) + H(4,6) + H(4,7) + H(4,8) + H(4,9) + H(4,10) + H(4,11) + H(4,12) + H(4,13) + H(4,14) + H(4,15) + H(4,16) + H(4,17) + H(4,18) + H(4,19) + H(5,0) + H(5,1) + H(5,2) + H(5,3) + H(5,4) + H(5,5) + H(5,6) + H(5,7) + H(5,8) + H(5,9) + H(5,10) + H(5,11) + H(5,12) + H(5,13) + H(5,14) + H(5,15) + H(5,16) + H(5,17) + H(5,18) + H(5,19) + H(6,0) + H(6,1) + H(6,2) + H(6,3) + H(6,4) + H(6,5) + H(6,6) + H(6,7) + H(6,8) + H(6,9) + H(6,10) + H(6,11) + H(6,12) + H(6,13) + H(6,14) + H(6,15) + H(6,16) + H(6,17) + H(6,18) + H(6,19) + H(7,0) + H(7,1) + H(7,2) + H(7,3) + H(7,4) + H(7,5) + H(7,6) + H(7,7) + H(7,8) + H(7,9) + H(7,10) + H(7,11) + H(7,12) + H(7,13) + H(7,14) + H(7,15) + H(7,16) + H(7,17) + H(7,18) + H(7,19) + H(8,0) + H(8,1) + H(8,2) + H(8,3) + H(8,4) + H(8,5) + H(8,6) + H(8,7) + H(8,8) + H(8,9) + H(8,10) + H(8,11) + H(8,12) + H(8,13) + H(8,14) + H(8,15) + H(8,16) + H(8,17) + H(8,18) + H(8,19) + H(9,0) + H(9,1) + H(9,2) + H(9,3) + H(9,4) + H(9,5) + H(9,6) + H(9,7) + H(9,8) + H(9,9) + H(9,10) + H(9,11) + H(9,12) + H(9,13) + H(9,14) + H(9,15) + H(9,16) + H(9,17) + H(9,18) + H(9,19) + H(10,0) + H(10,1) + H(10,2) + H(10,3) + H(10,4) + H(10,5) + H(10,6) + H(10,7) + H(10,8) + H(10,9) + H(10,10) + H(10,11) + H(10,12) + H(10,13) + H(10,14) + H(10,15) + H(10,16) + H(10,17) + H(10,18) + H(10,19) + H(11,0) + H(11,1) + H(11,2) + H(11,3) + H(11,4) + H(11,5) + H(11,6) + H(11,7) + H(11,8) + H(11,9) + H(11,10) + H(11,11) + H(11,12) + H(11,13) + H(11,14) + H(11,15) + H(11,16) + H(11,17) + H(11,18) + H(11,19) + H(12,0) + H(12,1) + H(12,2) + H(12,3) + H(12,4) + H(12,5) + H(12,6) + H(12,7) + H(12,8) + H(12,9) + H(12,10) + H(12,11) + H(12,12) + H(12,13) + H(12,14) + H(12,15) + H(12,16) + H(12,17) + H(12,18) + H(12,19) + H(13,0) + H(13,1) + H(13,2) + H(13,3) + H(13,4) + H(13,5) + H(13,6) + H(13,7) + H(13,8) + H(13,9) + H(13,10) + H(13,11) + H(13,12) + H(13,13) + H(13,14) + H(13,15) + H(13,16) + H(13,17) + H(13,18) + H(13,19) + H(14,0) + H(14,1) + H(14,2) + H(14,3) + H(14,4) + H(14,5) + H(14,6) + H(14,7) + H(14,8) + H(14,9) + H(14,10) + H(14,11) + H(14,12) + H(14,13) + H(14,14) + H(14,15) + H(14,16) + H(14,17) + H(14,18) + H(14,19) + H(15,0) + H(15,1) + H(15,2) + H(15,3) + H(15,4) + H(15,5) + H(15,6) + H(15,7) + H(15,8) + H(15,9) + H(15,10) + H(15,11) + H(15,12) + H(15,13) + H(15,14) + H(15,15) + H(15,16) + H(15,17) + H(15,18) + H(15,19) + H(16,0) + H(16,1) + H(16,2) + H(16,3) + H(16,4) + H(16,5) + H(16,6) + H(16,7) + H(16,8) + H(16,9) + H(16,10) + H(16,11) + H(16,12) + H(16,13) + H(16,14) + H(16,15) + H(16,16) + H(16,17) + H(16,18) + H(16,19) + H(17,0) + H(17,1) + H(17,2) + H(17,3) + H(17,4) + H(17,5) + H(17,6) + H(17,7) + H(17,8) + H(17,9) + H(17,10) + H(17,11) + H(17,12) + H(17,13) + H(17,14) + H(17,15) + H(17,16) + H(17,17) + H(17,18) + H(17,19) + H(18,0) + H(18,1) + H(18,2) + H(18,3) + H(18,4) + H(18,5) + H(18,6) + H(18,7) + H(18,8) + H(18,9) + H(18,10) + H(18,11) + H(18,12) + H(18,13) + H(18,14) + H(18,15) + H(18,16) + H(18,17) + H(18,18) + H(18,19) + H(19,0) + H(19,1) + H(19,2) + H(19,3) + H(19,4) + H(19,5) + H(19,6) + H(19,7) + H(19,8) + H(19,9) + H(19,10) + H(19,11) + H(19,12) + H(19,13) + H(19,14) + H(19,15) + H(19,16) + H(19,17) + H(19,18) + H(19,19) =L= 2 ; (LHS = 0)
     

---- arco_usado  =G=  Pasa algun vehiculo por este nodo

arco_usado(0,0)..  - Xmas(0,0,0) - Xmas(0,0,1) - Xmas(0,0,2) - Xmenos(0,0,0) - Xmenos(0,0,1) - Xmenos(0,0,2) + 99*Used(0,0) =G= 0 ; (LHS = 0)
     
arco_usado(0,1)..  - Xmas(0,1,0) - Xmas(0,1,1) - Xmas(0,1,2) - Xmenos(0,1,0) - Xmenos(0,1,1) - Xmenos(0,1,2) + 99*Used(0,1) =G= 0 ; (LHS = 0)
     
arco_usado(0,2)..  - Xmas(0,2,0) - Xmas(0,2,1) - Xmas(0,2,2) - Xmenos(0,2,0) - Xmenos(0,2,1) - Xmenos(0,2,2) + 99*Used(0,2) =G= 0 ; (LHS = 0)
     
REMAINING 397 ENTRIES SKIPPED


---- arco_usado_orientacion  =E=  

arco_usado_orientacion(0,1)..  Used(0,1) - Used(1,0) =E= 0 ; (LHS = 0)
     
arco_usado_orientacion(0,2)..  Used(0,2) - Used(2,0) =E= 0 ; (LHS = 0)
     
arco_usado_orientacion(0,3)..  Used(0,3) - Used(3,0) =E= 0 ; (LHS = 0)
     
REMAINING 377 ENTRIES SKIPPED


---- fiabilidad  =G=  Restriccion que impide elegir alguna ruta que tenga mas de cierta probabilidad de no ser usable

fiabilidad..  - 0.340075441597622*Used(0,5) - 0.184424571137427*Used(0,14) - 0.15200309344505*Used(1,14) - 0.454031630894707*Used(2,8) - 0.377069649079823*Used(2,10) - 0.0892673380970874*Used(3,8) - 0.415037499278844*Used(3,19) - 0.340075441597622*Used(5,0) - 0.217591435072627*Used(5,9) - 0.3040061868901*Used(6,9) - 0.454031630894707*Used(8,2) - 0.0892673380970874*Used(8,3) - 0.0291463456595165*Used(8,18) - 0.217591435072627*Used(9,5) - 0.3040061868901*Used(9,6) - 0.377069649079823*Used(10,2) - 0.0144995696951151*Used(11,19) - 0.184424571137427*Used(14,0) - 0.15200309344505*Used(14,1) - 0.104697378666693*Used(15,17) - 0.200912693925996*Used(16,19) - 0.104697378666693*Used(17,15) - 0.0291463456595165*Used(18,8) - 0.415037499278844*Used(19,3) - 0.0144995696951151*Used(19,11) - 0.200912693925996*Used(19,16) =G= -1.73696559416621 ; (LHS = 0)
     

---- def_insatisaux  =G=  definimos la demanda insatisfecha

def_insatisaux(4)..  Z_(4) + Insatisaux =G= 8 ; (LHS = 0, INFES = 8 ****)
     
def_insatisaux(5)..  Z_(5) + Insatisaux =G= 4 ; (LHS = 0, INFES = 4 ****)
     
def_insatisaux(6)..  Z_(6) + Insatisaux =G= 4 ; (LHS = 0, INFES = 4 ****)
     
REMAINING 13 ENTRIES SKIPPED


---- def_auxZ1  =L=  definimos los nodos a los que llega alguna ayuda

def_auxZ1(4)..  - 99*Z_(4) + auxZ(4) =L= 0 ; (LHS = 0)
     
def_auxZ1(5)..  - 99*Z_(5) + auxZ(5) =L= 0 ; (LHS = 0)
     
def_auxZ1(6)..  - 99*Z_(6) + auxZ(6) =L= 0 ; (LHS = 0)
     
REMAINING 13 ENTRIES SKIPPED


---- def_auxZ2  =E=  a los nodos transitorios no puede llegar ninguna ayuda por lo que no cuentan

def_auxZ2(0)..  auxZ(0) =E= 0 ; (LHS = 0)
     
def_auxZ2(1)..  auxZ(1) =E= 0 ; (LHS = 0)
     
def_auxZ2(2)..  auxZ(2) =E= 0 ; (LHS = 0)
     
REMAINING ENTRY SKIPPED


---- def_Z_  =E=  

def_Z_(0)..  - Y(0,0) - 2*Y(0,1) - 5*Y(0,2) + Z_(0) =E= 0 ; (LHS = 0)
     
def_Z_(1)..  - Y(1,0) - 2*Y(1,1) - 5*Y(1,2) + Z_(1) =E= 0 ; (LHS = 0)
     
def_Z_(2)..  - Y(2,0) - 2*Y(2,1) - 5*Y(2,2) + Z_(2) =E= 0 ; (LHS = 0)
     
REMAINING 17 ENTRIES SKIPPED


---- f_insatis  =E=  funcion objetivo 1. demanda insatisfecha total

f_insatis..  Insatis - 20*Insatisaux =E= 0 ; (LHS = 0)
     

---- f_eq  =E=  funcion objetivo 2. criterio de equidad. numero de nodos a los que se les reparte alguna cantidad de ayuda

f_eq..  - auxZ(0) - auxZ(1) - auxZ(2) - auxZ(3) - auxZ(4) - auxZ(5) - auxZ(6) - auxZ(7) - auxZ(8) - auxZ(9) - auxZ(10) - auxZ(11) - auxZ(12) - auxZ(13) - auxZ(14) - auxZ(15) - auxZ(16) - auxZ(17) - auxZ(18) - auxZ(19) + Eq =E= 0 ; (LHS = 0)
     
GAMS 41.2.0  5110e5ff Nov 14, 2022          WEX-WEI x86 64bit/MS Windows - 02/12/23 22:38:08 Page 3
modelo sin tiempo reconstruccion + reparto
Column Listing      SOLVE modelo1 Using MIP From line 240


---- Xmas  el flujo es discreto. esta variable sirve para denotar el flujo positivo

Xmas(0,0,0)
                (.LO, .L, .UP, .M = 0, 0, +INF, 0)
        1       solo_arcos_buenos_mas(0,0,0)
        1       existencia_ruta(0,0,0)
        1       usabilidad_ruta(0,0,0)
        1       existencia_ruta_min(0,0,0)
        1       usabilidad_ruta_min(0,0,0)
       -1       arco_usado(0,0)

Xmas(0,0,1)
                (.LO, .L, .UP, .M = 0, 0, +INF, 0)
        1       solo_arcos_buenos_mas(0,0,1)
        1       existencia_ruta(0,0,1)
        1       usabilidad_ruta(0,0,1)
        1       existencia_ruta_min(0,0,1)
        1       usabilidad_ruta_min(0,0,1)
       -1       arco_usado(0,0)

Xmas(0,0,2)
                (.LO, .L, .UP, .M = 0, 0, +INF, 0)
        1       solo_arcos_buenos_mas(0,0,2)
        1       existencia_ruta(0,0,2)
        1       usabilidad_ruta(0,0,2)
        1       existencia_ruta_min(0,0,2)
        1       usabilidad_ruta_min(0,0,2)
       -1       arco_usado(0,0)

REMAINING 1197 ENTRIES SKIPPED

---- Xmenos  esta variable sirve para denotar el flujo negativo

Xmenos(0,0,0)
                (.LO, .L, .UP, .M = 0, 0, +INF, 0)
        1       solo_arcos_buenos_menos(0,0,0)
       -1       existencia_ruta(0,0,0)
       -1       usabilidad_ruta(0,0,0)
       -1       existencia_ruta_min(0,0,0)
       -1       usabilidad_ruta_min(0,0,0)
       -1       arco_usado(0,0)

Xmenos(0,0,1)
                (.LO, .L, .UP, .M = 0, 0, +INF, 0)
        1       solo_arcos_buenos_menos(0,0,1)
       -1       existencia_ruta(0,0,1)
       -1       usabilidad_ruta(0,0,1)
       -1       existencia_ruta_min(0,0,1)
       -1       usabilidad_ruta_min(0,0,1)
       -1       arco_usado(0,0)

Xmenos(0,0,2)
                (.LO, .L, .UP, .M = 0, 0, +INF, 0)
        1       solo_arcos_buenos_menos(0,0,2)
       -1       existencia_ruta(0,0,2)
       -1       usabilidad_ruta(0,0,2)
       -1       existencia_ruta_min(0,0,2)
       -1       usabilidad_ruta_min(0,0,2)
       -1       arco_usado(0,0)

REMAINING 1197 ENTRIES SKIPPED

---- Y  flujo de vehiculos que se queda en j

Y(0,0)
                (.LO, .L, .UP, .M = -INF, 0, +INF, 0)
        1       definir_Y(0,0)
       10       lim_provisiones
       -1       def_Z_(0)

Y(0,1)
                (.LO, .L, .UP, .M = -INF, 0, +INF, 0)
        1       definir_Y(0,1)
       15       lim_provisiones
       -2       def_Z_(0)

Y(0,2)
                (.LO, .L, .UP, .M = -INF, 0, +INF, 0)
        1       definir_Y(0,2)
       30       lim_provisiones
       -5       def_Z_(0)

REMAINING 57 ENTRIES SKIPPED

---- Z_  toneladas que se quedan en j

Z_(0)
                (.LO, .L, .UP, .M = -INF, 0, +INF, 0)
        1       def_Z_(0)

Z_(1)
                (.LO, .L, .UP, .M = -INF, 0, +INF, 0)
        1       def_Z_(1)

Z_(2)
                (.LO, .L, .UP, .M = -INF, 0, +INF, 0)
        1       def_Z_(2)

REMAINING 17 ENTRIES SKIPPED

---- auxZ  variable binaria que determina si llega alguna ayuda a j

auxZ(0)
                (.LO, .L, .UP, .M = 0, 0, 1, 0)
        1       def_auxZ2(0)
       -1       f_eq

auxZ(1)
                (.LO, .L, .UP, .M = 0, 0, 1, 0)
        1       def_auxZ2(1)
       -1       f_eq

auxZ(2)
                (.LO, .L, .UP, .M = 0, 0, 1, 0)
        1       def_auxZ2(2)
       -1       f_eq

REMAINING 17 ENTRIES SKIPPED

---- H  variable binaria que determina si habilitamos el puente de i a j

H(0,0)
                (.LO, .L, .UP, .M = 0, 0, 1, 0)
      -99       usabilidad_ruta(0,0,0)
      -99       usabilidad_ruta(0,0,1)
      -99       usabilidad_ruta(0,0,2)
       99       usabilidad_ruta_min(0,0,0)
       99       usabilidad_ruta_min(0,0,1)
       99       usabilidad_ruta_min(0,0,2)
        1       lim_puentes

H(0,1)
                (.LO, .L, .UP, .M = 0, 0, 1, 0)
      -99       usabilidad_ruta(0,1,0)
      -99       usabilidad_ruta(0,1,1)
      -99       usabilidad_ruta(0,1,2)
       99       usabilidad_ruta_min(0,1,0)
       99       usabilidad_ruta_min(0,1,1)
       99       usabilidad_ruta_min(0,1,2)
        1       lim_puentes

H(0,2)
                (.LO, .L, .UP, .M = 0, 0, 1, 0)
      -99       usabilidad_ruta(0,2,0)
      -99       usabilidad_ruta(0,2,1)
      -99       usabilidad_ruta(0,2,2)
       99       usabilidad_ruta_min(0,2,0)
       99       usabilidad_ruta_min(0,2,1)
       99       usabilidad_ruta_min(0,2,2)
        1       lim_puentes

REMAINING 397 ENTRIES SKIPPED

---- Used  

Used(0,0)
                (.LO, .L, .UP, .M = 0, 0, 1, 0)
       99       arco_usado(0,0)

Used(0,1)
                (.LO, .L, .UP, .M = 0, 0, 1, 0)
       99       arco_usado(0,1)
        1       arco_usado_orientacion(0,1)
       -1       arco_usado_orientacion(1,0)

Used(0,2)
                (.LO, .L, .UP, .M = 0, 0, 1, 0)
       99       arco_usado(0,2)
        1       arco_usado_orientacion(0,2)
       -1       arco_usado_orientacion(2,0)

REMAINING 397 ENTRIES SKIPPED

---- Insatis  

Insatis
                (.LO, .L, .UP, .M = -INF, 0, +INF, 0)
        1       f_insatis


---- Insatisaux  

Insatisaux
                (.LO, .L, .UP, .M = 0, 0, +INF, 0)
        1       def_insatisaux(4)
        1       def_insatisaux(5)
        1       def_insatisaux(6)
        1       def_insatisaux(7)
        1       def_insatisaux(8)
        1       def_insatisaux(9)
        1       def_insatisaux(10)
        1       def_insatisaux(11)
        1       def_insatisaux(12)
        1       def_insatisaux(13)
        1       def_insatisaux(14)
        1       def_insatisaux(15)
        1       def_insatisaux(16)
        1       def_insatisaux(17)
        1       def_insatisaux(18)
        1       def_insatisaux(19)
      -20       f_insatis


---- Eq  

Eq
                (.LO, .L, .UP, .M = -INF, 0, +INF, 0)
        1       f_eq

GAMS 41.2.0  5110e5ff Nov 14, 2022          WEX-WEI x86 64bit/MS Windows - 02/12/23 22:38:08 Page 4
modelo sin tiempo reconstruccion + reparto
Range Statistics    SOLVE modelo1 Using MIP From line 240


RANGE STATISTICS (ABSOLUTE NON-ZERO FINITE VALUES)

RHS       [min, max] : [ 1.737E+00, 9.900E+01] - Zero values observed as well
Bound     [min, max] : [ 1.000E+00, 1.000E+00] - Zero values observed as well
Matrix    [min, max] : [ 1.450E-02, 9.900E+01]

GAMS 41.2.0  5110e5ff Nov 14, 2022          WEX-WEI x86 64bit/MS Windows - 02/12/23 22:38:08 Page 5
modelo sin tiempo reconstruccion + reparto
Model Statistics    SOLVE modelo1 Using MIP From line 240


MODEL STATISTICS

BLOCKS OF EQUATIONS          20     SINGLE EQUATIONS        7,018
BLOCKS OF VARIABLES          10     SINGLE VARIABLES        3,303
NON ZERO ELEMENTS        22,253     DISCRETE VARIABLES      3,220



**** The model exceeds the demo license limits for linear models of more than 2000 rows or columns
     As an academic user, you can submit large models to the NEOS service for free (see https://www.gams.com/neos)
     Alternatively, feel free to contact sales@gams.com to discuss your options

**** Terminated due to a licensing error
**** License file: C:\Users\Antonio\Documents\GAMS\gamslice.txt

**** Current license content:
     GAMS Demo license for Antonio Sevilla Sastre   G221121|0002CO-GEN
     UCM, Spain                                                       
     1084556100 **GAMS Demo license restricted to non-commercial use**
     189466700C                                                       
     DL079880                                       C DEMO            
     antsev01@ucm.es, Antonio Sevilla Sastre                          
